<?xml version="1.0" encoding="UTF-8"?>
<!-- Generated by org.testng.reporters.JUnitXMLReporter -->
<testsuite hostname="user-PC" ignored="0" name="Default test" tests="2" failures="0" timestamp="04 Dec 2020 16:40:33 GMT" time="72.366" errors="0">
  <testcase name="LogInTestForCorrectUserNameAndPassword" time="1.977" classname="com.facebook.testcases.LogInPageTest"/>
  <testcase name="LogInTestForWrongUserNameAndWrongPassword" time="11.055" classname="com.facebook.testcases.LogInPageTest"/>
</testsuite> <!-- Default test -->
