<?xml version="1.0" encoding="UTF-8"?>
<testng-results skipped="0" failed="0" ignored="0" total="2" passed="2">
  <reporter-output>
  </reporter-output>
  <suite name="Default suite" duration-ms="72366" started-at="2020-12-04T16:39:21Z" finished-at="2020-12-04T16:40:33Z">
    <groups>
    </groups>
    <test name="Default test" duration-ms="72366" started-at="2020-12-04T16:39:21Z" finished-at="2020-12-04T16:40:33Z">
      <class name="com.facebook.testcases.LogInPageTest">
        <test-method status="PASS" signature="setExtent()[pri:0, instance:com.facebook.testcases.LogInPageTest@3d299e3]" name="setExtent" is-config="true" duration-ms="1269" started-at="2020-12-04T22:09:21Z" finished-at="2020-12-04T22:09:22Z">
          <reporter-output>
          </reporter-output>
        </test-method> <!-- setExtent -->
        <test-method status="PASS" signature="setup()[pri:0, instance:com.facebook.testcases.LogInPageTest@3d299e3]" name="setup" is-config="true" duration-ms="40512" started-at="2020-12-04T22:09:22Z" finished-at="2020-12-04T22:10:02Z">
          <reporter-output>
          </reporter-output>
        </test-method> <!-- setup -->
        <test-method status="PASS" signature="LogInTestForCorrectUserNameAndPassword()[pri:1, instance:com.facebook.testcases.LogInPageTest@3d299e3]" name="LogInTestForCorrectUserNameAndPassword" duration-ms="1977" started-at="2020-12-04T22:10:02Z" finished-at="2020-12-04T22:10:04Z">
          <reporter-output>
          </reporter-output>
        </test-method> <!-- LogInTestForCorrectUserNameAndPassword -->
        <test-method status="PASS" signature="teardown(org.testng.ITestResult)[pri:0, instance:com.facebook.testcases.LogInPageTest@3d299e3]" name="teardown" is-config="true" duration-ms="1713" started-at="2020-12-04T22:10:04Z" finished-at="2020-12-04T22:10:06Z">
          <params>
            <param index="0">
              <value>
                <![CDATA[[TestResult name=LogInTestForCorrectUserNameAndPassword status=SUCCESS method=LogInPageTest.LogInTestForCorrectUserNameAndPassword()[pri:1, instance:com.facebook.testcases.LogInPageTest@3d299e3] output={null}]]]>
              </value>
            </param>
          </params>
          <reporter-output>
          </reporter-output>
        </test-method> <!-- teardown -->
        <test-method status="PASS" signature="setup()[pri:0, instance:com.facebook.testcases.LogInPageTest@3d299e3]" name="setup" is-config="true" duration-ms="14151" started-at="2020-12-04T22:10:06Z" finished-at="2020-12-04T22:10:20Z">
          <reporter-output>
          </reporter-output>
        </test-method> <!-- setup -->
        <test-method status="PASS" signature="LogInTestForWrongUserNameAndWrongPassword()[pri:2, instance:com.facebook.testcases.LogInPageTest@3d299e3]" name="LogInTestForWrongUserNameAndWrongPassword" duration-ms="11055" started-at="2020-12-04T22:10:20Z" finished-at="2020-12-04T22:10:31Z">
          <reporter-output>
          </reporter-output>
        </test-method> <!-- LogInTestForWrongUserNameAndWrongPassword -->
        <test-method status="PASS" signature="teardown(org.testng.ITestResult)[pri:0, instance:com.facebook.testcases.LogInPageTest@3d299e3]" name="teardown" is-config="true" duration-ms="871" started-at="2020-12-04T22:10:31Z" finished-at="2020-12-04T22:10:32Z">
          <params>
            <param index="0">
              <value>
                <![CDATA[[TestResult name=LogInTestForWrongUserNameAndWrongPassword status=SUCCESS method=LogInPageTest.LogInTestForWrongUserNameAndWrongPassword()[pri:2, instance:com.facebook.testcases.LogInPageTest@3d299e3] output={null}]]]>
              </value>
            </param>
          </params>
          <reporter-output>
          </reporter-output>
        </test-method> <!-- teardown -->
        <test-method status="PASS" signature="endReport()[pri:0, instance:com.facebook.testcases.LogInPageTest@3d299e3]" name="endReport" is-config="true" duration-ms="765" started-at="2020-12-04T22:10:32Z" finished-at="2020-12-04T22:10:33Z">
          <reporter-output>
          </reporter-output>
        </test-method> <!-- endReport -->
      </class> <!-- com.facebook.testcases.LogInPageTest -->
    </test> <!-- Default test -->
  </suite> <!-- Default suite -->
</testng-results>
